<?xml version="1.0" encoding="UTF-8"?>
<testng-results skipped="0" failed="0" ignored="0" total="1" passed="1">
  <reporter-output>
  </reporter-output>
  <suite name="Suite" duration-ms="62442" started-at="2019-11-08T13:49:40Z" finished-at="2019-11-08T13:50:43Z">
    <groups>
      <group name="cucumber">
        <method signature="AbstractTestNGCucumberTests.feature(cucumber.api.testng.CucumberFeatureWrapper)[pri:0, instance:com.testyantra.BDDDemo.Trigger.Runner@5702b3b1]" name="feature" class="cucumber.api.testng.AbstractTestNGCucumberTests"/>
      </group> <!-- cucumber -->
    </groups>
    <test name="Test" duration-ms="62442" started-at="2019-11-08T13:49:40Z" finished-at="2019-11-08T13:50:43Z">
      <class name="com.testyantra.BDDDemo.Trigger.Runner">
        <test-method status="PASS" signature="setup()[pri:0, instance:com.testyantra.BDDDemo.Trigger.Runner@5702b3b1]" name="setup" is-config="true" duration-ms="22262" started-at="2019-11-08T13:49:40Z" finished-at="2019-11-08T13:50:02Z">
          <reporter-output>
          </reporter-output>
        </test-method> <!-- setup -->
        <test-method status="PASS" signature="setUpClass()[pri:0, instance:com.testyantra.BDDDemo.Trigger.Runner@5702b3b1]" name="setUpClass" is-config="true" duration-ms="479" started-at="2019-11-08T13:50:02Z" finished-at="2019-11-08T13:50:03Z">
          <reporter-output>
          </reporter-output>
        </test-method> <!-- setUpClass -->
        <test-method status="PASS" signature="feature(cucumber.api.testng.CucumberFeatureWrapper)[pri:0, instance:com.testyantra.BDDDemo.Trigger.Runner@5702b3b1]" name="feature" duration-ms="39435" started-at="2019-11-08T13:50:03Z" description="Runs Cucumber Feature" data-provider="features" finished-at="2019-11-08T13:50:43Z">
          <params>
            <param index="0">
              <value>
                <![CDATA[To verify if will get treatment from NHS as per Inputs provided]]>
              </value>
            </param>
          </params>
          <reporter-output>
          </reporter-output>
        </test-method> <!-- feature -->
        <test-method status="PASS" signature="tearDownClass()[pri:0, instance:com.testyantra.BDDDemo.Trigger.Runner@5702b3b1]" name="tearDownClass" is-config="true" duration-ms="46" started-at="2019-11-08T13:50:43Z" finished-at="2019-11-08T13:50:43Z">
          <reporter-output>
          </reporter-output>
        </test-method> <!-- tearDownClass -->
        <test-method status="PASS" signature="closeApplication()[pri:0, instance:com.testyantra.BDDDemo.Trigger.Runner@5702b3b1]" name="closeApplication" is-config="true" duration-ms="4" started-at="2019-11-08T13:50:43Z" finished-at="2019-11-08T13:50:43Z">
          <reporter-output>
          </reporter-output>
        </test-method> <!-- closeApplication -->
      </class> <!-- com.testyantra.BDDDemo.Trigger.Runner -->
    </test> <!-- Test -->
  </suite> <!-- Suite -->
</testng-results>
